make --dry-run --always-make --keep-going --print-directory
make: Entering directory `/Users/yassine/Desktop/42_project/push_swap'
/Applications/Xcode.app/Contents/Developer/usr/bin/make -C ./libft
make[1]: Entering directory `/Users/yassine/Desktop/42_project/push_swap/libft'
gcc -Wall -Wextra -Werror  -c ft_isalpha.c -o ft_isalpha.o
gcc -Wall -Wextra -Werror  -c ft_isdigit.c -o ft_isdigit.o
gcc -Wall -Wextra -Werror  -c ft_isalnum.c -o ft_isalnum.o
gcc -Wall -Wextra -Werror  -c ft_isascii.c -o ft_isascii.o
gcc -Wall -Wextra -Werror  -c ft_isprint.c -o ft_isprint.o
gcc -Wall -Wextra -Werror  -c ft_strlen.c -o ft_strlen.o
gcc -Wall -Wextra -Werror  -c ft_memset.c -o ft_memset.o
gcc -Wall -Wextra -Werror  -c ft_bzero.c -o ft_bzero.o
gcc -Wall -Wextra -Werror  -c ft_memcpy.c -o ft_memcpy.o
gcc -Wall -Wextra -Werror  -c ft_memmove.c -o ft_memmove.o
gcc -Wall -Wextra -Werror  -c ft_strlcpy.c -o ft_strlcpy.o
gcc -Wall -Wextra -Werror  -c ft_strlcat.c -o ft_strlcat.o
gcc -Wall -Wextra -Werror  -c ft_toupper.c -o ft_toupper.o
gcc -Wall -Wextra -Werror  -c ft_tolower.c -o ft_tolower.o
gcc -Wall -Wextra -Werror  -c ft_strchr.c -o ft_strchr.o
gcc -Wall -Wextra -Werror  -c ft_strrchr.c -o ft_strrchr.o
gcc -Wall -Wextra -Werror  -c ft_strncmp.c -o ft_strncmp.o
gcc -Wall -Wextra -Werror  -c ft_memchr.c -o ft_memchr.o
gcc -Wall -Wextra -Werror  -c ft_memcmp.c -o ft_memcmp.o
gcc -Wall -Wextra -Werror  -c ft_strnstr.c -o ft_strnstr.o
gcc -Wall -Wextra -Werror  -c ft_atoi.c -o ft_atoi.o
gcc -Wall -Wextra -Werror  -c ft_calloc.c -o ft_calloc.o
gcc -Wall -Wextra -Werror  -c ft_strdup.c -o ft_strdup.o
gcc -Wall -Wextra -Werror  -c ft_substr.c -o ft_substr.o
gcc -Wall -Wextra -Werror  -c ft_strjoin.c -o ft_strjoin.o
gcc -Wall -Wextra -Werror  -c ft_strtrim.c -o ft_strtrim.o
gcc -Wall -Wextra -Werror  -c ft_split.c -o ft_split.o
gcc -Wall -Wextra -Werror  -c ft_itoa.c -o ft_itoa.o
gcc -Wall -Wextra -Werror  -c ft_strmapi.c -o ft_strmapi.o
gcc -Wall -Wextra -Werror  -c ft_striteri.c -o ft_striteri.o
gcc -Wall -Wextra -Werror  -c ft_putchar_fd.c -o ft_putchar_fd.o
gcc -Wall -Wextra -Werror  -c ft_putstr_fd.c -o ft_putstr_fd.o
gcc -Wall -Wextra -Werror  -c ft_putendl_fd.c -o ft_putendl_fd.o
gcc -Wall -Wextra -Werror  -c ft_putnbr_fd.c -o ft_putnbr_fd.o
gcc -Wall -Wextra -Werror  -c ft_lstadd_front.c -o ft_lstadd_front.o
gcc -Wall -Wextra -Werror  -c ft_lstnew.c -o ft_lstnew.o
gcc -Wall -Wextra -Werror  -c ft_lstsize.c -o ft_lstsize.o
gcc -Wall -Wextra -Werror  -c ft_lstlast.c -o ft_lstlast.o
gcc -Wall -Wextra -Werror  -c ft_lstadd_back.c -o ft_lstadd_back.o
gcc -Wall -Wextra -Werror  -c ft_lstdelone.c -o ft_lstdelone.o
gcc -Wall -Wextra -Werror  -c ft_lstclear.c -o ft_lstclear.o
gcc -Wall -Wextra -Werror  -c ft_lstiter.c -o ft_lstiter.o
gcc -Wall -Wextra -Werror  -c ft_lstmap.c -o ft_lstmap.o
ar -rc libft.a ft_isalpha.o ft_isdigit.o ft_isalnum.o ft_isascii.o ft_isprint.o ft_strlen.o ft_memset.o ft_bzero.o ft_memcpy.o ft_memmove.o ft_strlcpy.o ft_strlcat.o ft_toupper.o ft_tolower.o ft_strchr.o ft_strrchr.o ft_strncmp.o ft_memchr.o ft_memcmp.o ft_strnstr.o ft_atoi.o ft_calloc.o ft_strdup.o ft_substr.o ft_strjoin.o ft_strtrim.o ft_split.o ft_itoa.o ft_strmapi.o ft_striteri.o ft_putchar_fd.o ft_putstr_fd.o ft_putendl_fd.o ft_putnbr_fd.o ft_lstadd_front.o ft_lstnew.o ft_lstsize.o ft_lstadd_front.o ft_lstlast.o ft_lstadd_back.o ft_lstdelone.o ft_lstclear.o ft_lstiter.o ft_lstmap.o 
make[1]: Leaving directory `/Users/yassine/Desktop/42_project/push_swap/libft'
cc -Wall -Wextra -Werror -c push_swap.c -o push_swap.o
cc -Wall -Wextra -Werror -c srcs/arg_valid.c -o srcs/arg_valid.o
cc -Wall -Wextra -Werror -c outils/operations.c -o outils/operations.o
cc -Wall -Wextra -Werror -c outils/outils.c -o outils/outils.o
cc -Wall -Wextra -Werror -c sort_lst_man.c -o sort_lst_man.o
cc push_swap.o srcs/arg_valid.o outils/operations.o outils/outils.o sort_lst_man.o ./libft/libft.a -o push_swap
make: Leaving directory `/Users/yassine/Desktop/42_project/push_swap'
 
